<?xml version="1.0" encoding="UTF-8"?>
<!-- Generated by org.testng.reporters.JUnitReportReporter -->
<testsuite hostname="RobyKurnia" failures="0" tests="2" name="com.juaracoding.catatankeuangan.StepDefinitions" time="37.738" errors="0" timestamp="2022-04-08T21:21:56 ICT" skipped="0">
  <testcase classname="com.juaracoding.catatankeuangan.StepDefinitions" name="testAddPengeluaran" time="19.293"/>
  <system-out/>
  <testcase classname="com.juaracoding.catatankeuangan.StepDefinitions" name="testEditContact" time="18.445"/>
  <system-out/>
</testsuite> <!-- com.juaracoding.catatankeuangan.StepDefinitions -->
